<?xml version="1.0" encoding="UTF-8"?>
<testng-results skipped="0" failed="0" total="1" passed="1">
  <reporter-output>
  </reporter-output>
  <suite name="Suite" duration-ms="12030" started-at="2021-05-05T03:40:38Z" finished-at="2021-05-05T03:40:50Z">
    <groups>
    </groups>
    <test name="Test" duration-ms="12030" started-at="2021-05-05T03:40:38Z" finished-at="2021-05-05T03:40:50Z">
      <class name="Test.TestAPI">
        <test-method status="PASS" signature="setup()[pri:0, instance:Test.TestAPI@13f2bb1]" name="setup" is-config="true" duration-ms="8707" started-at="2021-05-05T09:10:38Z" finished-at="2021-05-05T09:10:47Z">
          <reporter-output>
          </reporter-output>
        </test-method> <!-- setup -->
        <test-method status="PASS" signature="getalluser()[pri:0, instance:Test.TestAPI@13f2bb1]" name="getalluser" duration-ms="3313" started-at="2021-05-05T09:10:47Z" finished-at="2021-05-05T09:10:50Z">
          <reporter-output>
          </reporter-output>
        </test-method> <!-- getalluser -->
      </class> <!-- Test.TestAPI -->
    </test> <!-- Test -->
  </suite> <!-- Suite -->
</testng-results>
