<?xml version="1.0" encoding="UTF-8"?>
<testsuite xmlns:xsi="http://www.w3.org/2001/XMLSchema-instance" xsi:noNamespaceSchemaLocation="https://maven.apache.org/surefire/maven-surefire-plugin/xsd/surefire-test-report-3.0.xsd" version="3.0" name="TestSuite" time="13.393" tests="1" errors="0" skipped="0" failures="0">
  <properties>
[...]
</properties>
  <testcase name="getalluser" classname="Test.TestAPI" time="3.313">
    <system-out><![CDATA[eyJhbGciOiJIUzI1NiIsInR5cCI6IkpXVCJ9.eyJfaWQiOiI2MDhmOTI5ZmQ3ZjY1MzAwMTc0ZGE3NWUiLCJpYXQiOjE2MjAxODYwODAsImV4cCI6MTYyMDI3MjQ4MH0.rKYdE1AznUT1qrpAdnw846OwJxcgXYs8sqzzsFiJocg
]]></system-out>
  </testcase>
</testsuite>