<?xml version="1.0" encoding="UTF-8"?>
<testng-results skipped="0" failed="0" total="1" passed="1">
  <reporter-output>
  </reporter-output>
  <suite name="Default suite" duration-ms="11478" started-at="2021-05-04T04:59:44Z" finished-at="2021-05-04T04:59:55Z">
    <groups>
    </groups>
    <test name="Default test" duration-ms="11478" started-at="2021-05-04T04:59:44Z" finished-at="2021-05-04T04:59:55Z">
      <class name="Test.TestAPI">
        <test-method status="PASS" signature="setup()[pri:0, instance:Test.TestAPI@e45eb6]" name="setup" is-config="true" duration-ms="8451" started-at="2021-05-04T10:29:44Z" finished-at="2021-05-04T10:29:52Z">
          <reporter-output>
          </reporter-output>
        </test-method> <!-- setup -->
        <test-method status="PASS" signature="getalluser()[pri:0, instance:Test.TestAPI@e45eb6]" name="getalluser" duration-ms="3003" started-at="2021-05-04T10:29:52Z" finished-at="2021-05-04T10:29:55Z">
          <reporter-output>
          </reporter-output>
        </test-method> <!-- getalluser -->
      </class> <!-- Test.TestAPI -->
    </test> <!-- Default test -->
  </suite> <!-- Default suite -->
</testng-results>
